#
# A fatal error has been detected by the Java Runtime Environment:
#
#  EXCEPTION_ACCESS_VIOLATION (0xc0000005) at pc=0xffffffffa5555120, pid=1828, tid=0x0000000000000dd0
#
# JRE version: OpenJDK Runtime Environment (8.0_112-b06) (build 1.8.0_112-release-b06)
# Java VM: OpenJDK 64-Bit Server VM (25.112-b06 mixed mode windows-amd64 compressed oops)
# Problematic frame:
# C  0xffffffffa5555120
#
# Failed to write core dump. Minidumps are not enabled by default on client versions of Windows
#
# If you would like to submit a bug report, please visit:
#   http://bugreport.java.com/bugreport/crash.jsp
#

---------------  T H R E A D  ---------------

Current thread (0x000000005ca0d000):  JavaThread "pool-14-thread-1" [_thread_in_Java, id=3536, stack(0x00000000606d0000,0x00000000607d0000)]

siginfo: ExceptionCode=0xc0000005, ExceptionInformation=0x0000000000000008 0xffffffffa5555120

Registers:
RAX=0x000000006060ec38, RBX=0x000000006060ec38, RCX=0x00000000e35cd648, RDX=0x00000000e35cd648
RSP=0x00000000607cef38, RBP=0x00000000607cefa0, RSI=0x00000000610facf0, RDI=0x0000000000000108
R8 =0x000000000000061c, R9 =0x000000005be80000, R10=0x0000000071c18630, R11=0x0000000004647360
R12=0x0000000000000000, R13=0x00000000607cef50, R14=0x00000000607cefd0, R15=0x000000005ca0d000
RIP=0xffffffffa5555120, EFLAGS=0x0000000000010202

Top of Stack: (sp=0x00000000607cef38)
0x00000000607cef38:   0000000002558071 00000000607cefa0
0x00000000607cef48:   0000000002558071 000000000000061c
0x00000000607cef58:   00000000e35cd648 00000000607cef60
0x00000000607cef68:   000000006063d959 00000000607cefd0
0x00000000607cef78:   000000006063e3d0 0000000000000000
0x00000000607cef88:   000000006063d9b8 00000000607cef50
0x00000000607cef98:   00000000607cefd0 00000000607cf018
0x00000000607cefa8:   0000000002558071 00000000e35cd648
0x00000000607cefb8:   000000000000113a 00000000000033d0
0x00000000607cefc8:   000000000000061c 00000000e35fde10
0x00000000607cefd8:   00000000607cefd8 000000006063d871
0x00000000607cefe8:   00000000607cf028 000000006063e3d0
0x00000000607ceff8:   0000000000000000 000000006063d898
0x00000000607cf008:   00000000607cefd0 00000000607cf028
0x00000000607cf018:   00000000607cf070 0000000002558071
0x00000000607cf028:   00000000e35fde10 00000000607cf030 

Instructions: (pc=0xffffffffa5555120)
0xffffffffa5555100:   
[error occurred during error reporting (printing registers, top of stack, instructions near pc), id 0xc0000005]

Register to memory mapping:

RAX={method} {0x000000006060ec40} 'setAddress' '(I)V' in 'com/android/dx/dex/code/DalvInsn'
RBX={method} {0x000000006060ec40} 'setAddress' '(I)V' in 'com/android/dx/dex/code/DalvInsn'
RCX=0x00000000e35cd648 is an oop
com.android.dx.dex.code.CodeAddress 
 - klass: 'com/android/dx/dex/code/CodeAddress'
RDX=0x00000000e35cd648 is an oop
com.android.dx.dex.code.CodeAddress 
 - klass: 'com/android/dx/dex/code/CodeAddress'
RSP=0x00000000607cef38 is pointing into the stack for thread: 0x000000005ca0d000
RBP=0x00000000607cefa0 is pointing into the stack for thread: 0x000000005ca0d000
RSI=0x00000000610facf0 is pointing into metadata
RDI=0x0000000000000108 is an unknown value
R8 =0x000000000000061c is an unknown value
R9 =0x000000005be80000 is an unknown value
R10=0x0000000071c18630 is an unknown value
R11=0x0000000004647360 is at entry_point+32 in (nmethod*)0x00000000046471d0
R12=0x0000000000000000 is an unknown value
R13=0x00000000607cef50 is pointing into the stack for thread: 0x000000005ca0d000
R14=0x00000000607cefd0 is pointing into the stack for thread: 0x000000005ca0d000
R15=0x000000005ca0d000 is a thread


Stack: [0x00000000606d0000,0x00000000607d0000],  sp=0x00000000607cef38,  free space=1019k
Native frames: (J=compiled Java code, j=interpreted, Vv=VM code, C=native code)
C  0xffffffffa5555120


---------------  P R O C E S S  ---------------

Java Threads: ( => current thread )
=>0x000000005ca0d000 JavaThread "pool-14-thread-1" [_thread_in_Java, id=3536, stack(0x00000000606d0000,0x00000000607d0000)]
  0x000000005ca0a000 JavaThread "pool-13-thread-1" [_thread_blocked, id=3412, stack(0x0000000060890000,0x0000000060990000)]
  0x000000005ca08800 JavaThread "pool-9-thread-2" [_thread_blocked, id=2320, stack(0x0000000059f60000,0x000000005a060000)]
  0x000000005ca07000 JavaThread "pool-9-thread-1" [_thread_blocked, id=3084, stack(0x000000005dba0000,0x000000005dca0000)]
  0x0000000058d8b000 JavaThread "Cache update executor" [_thread_blocked, id=3704, stack(0x000000005e730000,0x000000005e830000)]
  0x0000000058d8f000 JavaThread "Stdin handler" [_thread_blocked, id=2956, stack(0x0000000059cc0000,0x0000000059dc0000)]
  0x0000000058d8e000 JavaThread "Asynchronous log dispatcher for DefaultDaemonConnection: socket connection from /127.0.0.1:51246 to /127.0.0.1:51407" [_thread_blocked, id=948, stack(0x0000000059e50000,0x0000000059f50000)]
  0x0000000058d8c800 JavaThread "Daemon worker Thread 3" [_thread_blocked, id=564, stack(0x0000000059ba0000,0x0000000059ca0000)]
  0x0000000058d8c000 JavaThread "Cancel handler" [_thread_blocked, id=2668, stack(0x00000000598c0000,0x00000000599c0000)]
  0x0000000058d8d800 JavaThread "Handler for socket connection from /127.0.0.1:51246 to /127.0.0.1:51407" [_thread_in_native, id=2640, stack(0x0000000059a00000,0x0000000059b00000)]
  0x0000000058d89800 JavaThread "Daemon Thread 3" [_thread_blocked, id=2176, stack(0x0000000056ec0000,0x0000000056fc0000)]
  0x0000000058d89000 JavaThread "File lock request listener" [_thread_in_native, id=1524, stack(0x000000005cc30000,0x000000005cd30000)]
  0x0000000058a51800 JavaThread "pool-1-thread-1" [_thread_blocked, id=440, stack(0x0000000057670000,0x0000000057770000)]
  0x00000000589d5800 JavaThread "Incoming local TCP Connector on port 51246" [_thread_in_native, id=2100, stack(0x00000000578d0000,0x00000000579d0000)]
  0x00000000570f1800 JavaThread "Service Thread" daemon [_thread_blocked, id=3984, stack(0x0000000057550000,0x0000000057650000)]
  0x0000000055e7e000 JavaThread "C1 CompilerThread1" daemon [_thread_blocked, id=580, stack(0x0000000056ff0000,0x00000000570f0000)]
  0x0000000055e35800 JavaThread "C2 CompilerThread0" daemon [_thread_blocked, id=4056, stack(0x0000000056dc0000,0x0000000056ec0000)]
  0x0000000055e34800 JavaThread "Attach Listener" daemon [_thread_blocked, id=1832, stack(0x0000000056810000,0x0000000056910000)]
  0x0000000055e33800 JavaThread "Signal Dispatcher" daemon [_thread_blocked, id=3352, stack(0x0000000056c50000,0x0000000056d50000)]
  0x0000000055e0e000 JavaThread "Finalizer" daemon [_thread_blocked, id=2500, stack(0x0000000056a90000,0x0000000056b90000)]
  0x0000000055dc4800 JavaThread "Reference Handler" daemon [_thread_blocked, id=2664, stack(0x0000000056960000,0x0000000056a60000)]
  0x0000000001e4d800 JavaThread "main" [_thread_blocked, id=3876, stack(0x0000000002180000,0x0000000002280000)]

Other Threads:
  0x0000000055dba800 VMThread [stack: 0x00000000566e0000,0x00000000567e0000] [id=3392]
  0x00000000570f2800 WatcherThread [stack: 0x0000000057790000,0x0000000057890000] [id=916]

VM state:not at safepoint (normal execution)

VM Mutex/Monitor currently owned by a thread: None

Heap:
 PSYoungGen      total 131072K, used 126321K [0x00000000e0000000, 0x00000000e9800000, 0x0000000100000000)
  eden space 115712K, 99% used [0x00000000e0000000,0x00000000e7034780,0x00000000e7100000)
  from space 15360K, 74% used [0x00000000e8900000,0x00000000e9427da0,0x00000000e9800000)
  to   space 19968K, 0% used [0x00000000e7100000,0x00000000e7100000,0x00000000e8480000)
 ParOldGen       total 75264K, used 50903K [0x00000000a0000000, 0x00000000a4980000, 0x00000000e0000000)
  object space 75264K, 67% used [0x00000000a0000000,0x00000000a31b5ed8,0x00000000a4980000)
 Metaspace       used 70306K, capacity 73520K, committed 73728K, reserved 1114112K
  class space    used 9077K, capacity 9687K, committed 9728K, reserved 1048576K

Card table byte_map: [0x0000000011910000,0x0000000011c20000] byte_map_base: 0x0000000011410000

Marking Bits: (ParMarkBitMap*) 0x0000000071c318f0
 Begin Bits: [0x0000000012190000, 0x0000000013990000)
 End Bits:   [0x0000000013990000, 0x0000000015190000)

Polling page: 0x00000000005a0000

CodeCache: size=245760Kb used=40604Kb max_used=41263Kb free=205155Kb
 bounds [0x0000000002550000, 0x0000000004dd0000, 0x0000000011550000]
 total_blobs=12887 nmethods=12098 adapters=701
 compilation: enabled

Compilation events (10 events):
Event: 1999.762 Thread 0x0000000055e35800 14320       4       com.android.dx.rop.type.Type::isCategory2 (36 bytes)
Event: 1999.762 Thread 0x0000000055e35800 nmethod 14320 0x000000000271dc50 code [0x000000000271dd80, 0x000000000271ddf8]
Event: 1999.766 Thread 0x0000000055e7e000 14321       1       com.android.dx.dex.code.form.Form21c::codeSize (2 bytes)
Event: 1999.766 Thread 0x0000000055e7e000 nmethod 14321 0x0000000003b3ff90 code [0x0000000003b400e0, 0x0000000003b401f0]
Event: 1999.766 Thread 0x0000000055e35800 14322       4       com.android.dx.dex.code.DalvInsn::setAddress (20 bytes)
Event: 1999.766 Thread 0x0000000055e7e000 14323       1       com.android.dx.dex.code.form.Form23x::codeSize (2 bytes)
Event: 1999.766 Thread 0x0000000055e7e000 nmethod 14323 0x000000000332b910 code [0x000000000332ba60, 0x000000000332bb70]
Event: 1999.766 Thread 0x0000000055e7e000 14324       1       com.android.dx.dex.code.form.Form10t::codeSize (2 bytes)
Event: 1999.766 Thread 0x0000000055e7e000 nmethod 14324 0x000000000332b590 code [0x000000000332b6e0, 0x000000000332b7f0]
Event: 1999.766 Thread 0x0000000055e35800 nmethod 14322 0x00000000030d1850 code [0x00000000030d1980, 0x00000000030d19f8]

GC Heap History (10 events):
Event: 408.994 GC heap before
{Heap before GC invocations=25 (full 3):
 PSYoungGen      total 112640K, used 108481K [0x00000000e0000000, 0x00000000e8480000, 0x0000000100000000)
  eden space 102400K, 100% used [0x00000000e0000000,0x00000000e6400000,0x00000000e6400000)
  from space 10240K, 59% used [0x00000000e6400000,0x00000000e69f0608,0x00000000e6e00000)
  to   space 10240K, 0% used [0x00000000e7a80000,0x00000000e7a80000,0x00000000e8480000)
 ParOldGen       total 75264K, used 33233K [0x00000000a0000000, 0x00000000a4980000, 0x00000000e0000000)
  object space 75264K, 44% used [0x00000000a0000000,0x00000000a20747d0,0x00000000a4980000)
 Metaspace       used 62783K, capacity 65000K, committed 65152K, reserved 1105920K
  class space    used 8333K, capacity 8777K, committed 8832K, reserved 1048576K
Event: 409.127 GC heap after
Heap after GC invocations=25 (full 3):
 PSYoungGen      total 121856K, used 10208K [0x00000000e0000000, 0x00000000e8e80000, 0x0000000100000000)
  eden space 111616K, 0% used [0x00000000e0000000,0x00000000e0000000,0x00000000e6d00000)
  from space 10240K, 99% used [0x00000000e7a80000,0x00000000e8478020,0x00000000e8480000)
  to   space 13824K, 0% used [0x00000000e6d00000,0x00000000e6d00000,0x00000000e7a80000)
 ParOldGen       total 75264K, used 38974K [0x00000000a0000000, 0x00000000a4980000, 0x00000000e0000000)
  object space 75264K, 51% used [0x00000000a0000000,0x00000000a260f838,0x00000000a4980000)
 Metaspace       used 62783K, capacity 65000K, committed 65152K, reserved 1105920K
  class space    used 8333K, capacity 8777K, committed 8832K, reserved 1048576K
}
Event: 426.195 GC heap before
{Heap before GC invocations=26 (full 3):
 PSYoungGen      total 121856K, used 121824K [0x00000000e0000000, 0x00000000e8e80000, 0x0000000100000000)
  eden space 111616K, 100% used [0x00000000e0000000,0x00000000e6d00000,0x00000000e6d00000)
  from space 10240K, 99% used [0x00000000e7a80000,0x00000000e8478020,0x00000000e8480000)
  to   space 13824K, 0% used [0x00000000e6d00000,0x00000000e6d00000,0x00000000e7a80000)
 ParOldGen       total 75264K, used 38974K [0x00000000a0000000, 0x00000000a4980000, 0x00000000e0000000)
  object space 75264K, 51% used [0x00000000a0000000,0x00000000a260f838,0x00000000a4980000)
 Metaspace       used 64311K, capacity 67006K, committed 67200K, reserved 1107968K
  class space    used 8525K, capacity 9084K, committed 9088K, reserved 1048576K
Event: 426.249 GC heap after
Heap after GC invocations=26 (full 3):
 PSYoungGen      total 125440K, used 13808K [0x00000000e0000000, 0x00000000e9e80000, 0x0000000100000000)
  eden space 111616K, 0% used [0x00000000e0000000,0x00000000e0000000,0x00000000e6d00000)
  from space 13824K, 99% used [0x00000000e6d00000,0x00000000e7a7c050,0x00000000e7a80000)
  to   space 17408K, 0% used [0x00000000e8d80000,0x00000000e8d80000,0x00000000e9e80000)
 ParOldGen       total 75264K, used 43191K [0x00000000a0000000, 0x00000000a4980000, 0x00000000e0000000)
  object space 75264K, 57% used [0x00000000a0000000,0x00000000a2a2dc20,0x00000000a4980000)
 Metaspace       used 64311K, capacity 67006K, committed 67200K, reserved 1107968K
  class space    used 8525K, capacity 9084K, committed 9088K, reserved 1048576K
}
Event: 465.886 GC heap before
{Heap before GC invocations=27 (full 3):
 PSYoungGen      total 125440K, used 125424K [0x00000000e0000000, 0x00000000e9e80000, 0x0000000100000000)
  eden space 111616K, 100% used [0x00000000e0000000,0x00000000e6d00000,0x00000000e6d00000)
  from space 13824K, 99% used [0x00000000e6d00000,0x00000000e7a7c050,0x00000000e7a80000)
  to   space 17408K, 0% used [0x00000000e8d80000,0x00000000e8d80000,0x00000000e9e80000)
 ParOldGen       total 75264K, used 43191K [0x00000000a0000000, 0x00000000a4980000, 0x00000000e0000000)
  object space 75264K, 57% used [0x00000000a0000000,0x00000000a2a2dc20,0x00000000a4980000)
 Metaspace       used 64761K, capacity 67690K, committed 67840K, reserved 1107968K
  class space    used 8557K, capacity 9136K, committed 9216K, reserved 1048576K
Event: 465.948 GC heap after
Heap after GC invocations=27 (full 3):
 PSYoungGen      total 141824K, used 12770K [0x00000000e0000000, 0x00000000e9e00000, 0x0000000100000000)
  eden space 124928K, 0% used [0x00000000e0000000,0x00000000e0000000,0x00000000e7a00000)
  from space 16896K, 75% used [0x00000000e8d80000,0x00000000e99f8988,0x00000000e9e00000)
  to   space 18432K, 0% used [0x00000000e7a00000,0x00000000e7a00000,0x00000000e8c00000)
 ParOldGen       total 75264K, used 50887K [0x00000000a0000000, 0x00000000a4980000, 0x00000000e0000000)
  object space 75264K, 67% used [0x00000000a0000000,0x00000000a31b1ed8,0x00000000a4980000)
 Metaspace       used 64761K, capacity 67690K, committed 67840K, reserved 1107968K
  class space    used 8557K, capacity 9136K, committed 9216K, reserved 1048576K
}
Event: 1983.514 GC heap before
{Heap before GC invocations=28 (full 3):
 PSYoungGen      total 141824K, used 137698K [0x00000000e0000000, 0x00000000e9e00000, 0x0000000100000000)
  eden space 124928K, 100% used [0x00000000e0000000,0x00000000e7a00000,0x00000000e7a00000)
  from space 16896K, 75% used [0x00000000e8d80000,0x00000000e99f8988,0x00000000e9e00000)
  to   space 18432K, 0% used [0x00000000e7a00000,0x00000000e7a00000,0x00000000e8c00000)
 ParOldGen       total 75264K, used 50887K [0x00000000a0000000, 0x00000000a4980000, 0x00000000e0000000)
  object space 75264K, 67% used [0x00000000a0000000,0x00000000a31b1ed8,0x00000000a4980000)
 Metaspace       used 65248K, capacity 68174K, committed 68352K, reserved 1107968K
  class space    used 8571K, capacity 9156K, committed 9216K, reserved 1048576K
Event: 1983.559 GC heap after
Heap after GC invocations=28 (full 3):
 PSYoungGen      total 135168K, used 14752K [0x00000000e0000000, 0x00000000e9c80000, 0x0000000100000000)
  eden space 120320K, 0% used [0x00000000e0000000,0x00000000e0000000,0x00000000e7580000)
  from space 14848K, 99% used [0x00000000e7a00000,0x00000000e8868050,0x00000000e8880000)
  to   space 19968K, 0% used [0x00000000e8900000,0x00000000e8900000,0x00000000e9c80000)
 ParOldGen       total 75264K, used 50895K [0x00000000a0000000, 0x00000000a4980000, 0x00000000e0000000)
  object space 75264K, 67% used [0x00000000a0000000,0x00000000a31b3ed8,0x00000000a4980000)
 Metaspace       used 65248K, capacity 68174K, committed 68352K, reserved 1107968K
  class space    used 8571K, capacity 9156K, committed 9216K, reserved 1048576K
}
Event: 1992.161 GC heap before
{Heap before GC invocations=29 (full 3):
 PSYoungGen      total 135168K, used 135072K [0x00000000e0000000, 0x00000000e9c80000, 0x0000000100000000)
  eden space 120320K, 100% used [0x00000000e0000000,0x00000000e7580000,0x00000000e7580000)
  from space 14848K, 99% used [0x00000000e7a00000,0x00000000e8868050,0x00000000e8880000)
  to   space 19968K, 0% used [0x00000000e8900000,0x00000000e8900000,0x00000000e9c80000)
 ParOldGen       total 75264K, used 50895K [0x00000000a0000000, 0x00000000a4980000, 0x00000000e0000000)
  object space 75264K, 67% used [0x00000000a0000000,0x00000000a31b3ed8,0x00000000a4980000)
 Metaspace       used 67500K, capacity 70648K, committed 70912K, reserved 1110016K
  class space    used 8831K, capacity 9421K, committed 9472K, reserved 1048576K
Event: 1992.194 GC heap after
Heap after GC invocations=29 (full 3):
 PSYoungGen      total 131072K, used 11423K [0x00000000e0000000, 0x00000000e9800000, 0x0000000100000000)
  eden space 115712K, 0% used [0x00000000e0000000,0x00000000e0000000,0x00000000e7100000)
  from space 15360K, 74% used [0x00000000e8900000,0x00000000e9427da0,0x00000000e9800000)
  to   space 19968K, 0% used [0x00000000e7100000,0x00000000e7100000,0x00000000e8480000)
 ParOldGen       total 75264K, used 50903K [0x00000000a0000000, 0x00000000a4980000, 0x00000000e0000000)
  object space 75264K, 67% used [0x00000000a0000000,0x00000000a31b5ed8,0x00000000a4980000)
 Metaspace       used 67500K, capacity 70648K, committed 70912K, reserved 1110016K
  class space    used 8831K, capacity 9421K, committed 9472K, reserved 1048576K
}

Deoptimization events (10 events):
Event: 1994.814 Thread 0x000000005ca0c000 Uncommon trap: reason=class_check action=maybe_recompile pc=0x0000000004ad6ea0 method=com.android.dx.ssa.NormalSsaInsn.accept(Lcom/android/dx/ssa/SsaInsn$Visitor;)V @ 9
Event: 1994.815 Thread 0x000000005ca0c000 Uncommon trap: reason=class_check action=maybe_recompile pc=0x0000000004a6bf60 method=com.android.dx.ssa.NormalSsaInsn.accept(Lcom/android/dx/ssa/SsaInsn$Visitor;)V @ 9
Event: 1994.821 Thread 0x000000005ca0a800 Uncommon trap: reason=class_check action=maybe_recompile pc=0x0000000004ba9cb0 method=com.android.dx.cf.code.BytecodeArray.parseInstruction(ILcom/android/dx/cf/code/BytecodeArray$Visitor;)I @ 1130
Event: 1998.826 Thread 0x000000005ca0d000 Uncommon trap: reason=bimorphic action=maybe_recompile pc=0x0000000004cd0144 method=com.android.dx.cf.code.BytecodeArray.parseInstruction(ILcom/android/dx/cf/code/BytecodeArray$Visitor;)I @ 1130
Event: 1998.826 Thread 0x000000005ca0d000 Uncommon trap: reason=bimorphic action=maybe_recompile pc=0x0000000004ccfdb8 method=com.android.dx.cf.code.BytecodeArray.parseInstruction(ILcom/android/dx/cf/code/BytecodeArray$Visitor;)I @ 907
Event: 1998.826 Thread 0x000000005ca0d000 Uncommon trap: reason=bimorphic action=maybe_recompile pc=0x0000000004cd1350 method=com.android.dx.cf.code.BytecodeArray.parseInstruction(ILcom/android/dx/cf/code/BytecodeArray$Visitor;)I @ 1224
Event: 1998.826 Thread 0x000000005ca0d000 Uncommon trap: reason=bimorphic action=maybe_recompile pc=0x0000000004ccfe38 method=com.android.dx.cf.code.BytecodeArray.parseInstruction(ILcom/android/dx/cf/code/BytecodeArray$Visitor;)I @ 923
Event: 1998.826 Thread 0x000000005ca0d000 Uncommon trap: reason=bimorphic action=maybe_recompile pc=0x0000000004cd1350 method=com.android.dx.cf.code.BytecodeArray.parseInstruction(ILcom/android/dx/cf/code/BytecodeArray$Visitor;)I @ 1224
Event: 1999.003 Thread 0x000000005ca0d000 Uncommon trap: reason=unstable_if action=reinterpret pc=0x0000000004d4ef38 method=com.android.dx.cf.code.OneLocalsArray.<init>(I)V @ 2
Event: 1999.003 Thread 0x000000005ca0d000 Uncommon trap: reason=unstable_if action=reinterpret pc=0x0000000004d63238 method=com.android.dx.cf.code.RopperMachine.run(Lcom/android/dx/cf/code/Frame;II)V @ 1500

Internal exceptions (10 events):
Event: 462.933 Thread 0x0000000058d8d800 Exception <a 'java/lang/ClassNotFoundException': asLocalRepo44_aryb0nszz4lhv18asuszvn7irBeanInfo> (0x00000000e125ffe8) thrown at [C:\src\android\AOSP-openjdk\external\jetbrains\jdk\hotspot\src\share\vm\classfile\systemDictionary.cpp, line 210]
Event: 462.934 Thread 0x0000000058d8d800 Exception <a 'java/lang/ClassNotFoundException': asLocalRepo44_aryb0nszz4lhv18asuszvn7irCustomizer> (0x00000000e126af30) thrown at [C:\src\android\AOSP-openjdk\external\jetbrains\jdk\hotspot\src\share\vm\classfile\systemDictionary.cpp, line 210]
Event: 466.340 Thread 0x0000000058d8d800 Exception <a 'java/lang/reflect/InvocationTargetException'> (0x00000000e125ee60) thrown at [C:\src\android\AOSP-openjdk\external\jetbrains\jdk\hotspot\src\share\vm\runtime\reflection.cpp, line 1092]
Event: 466.785 Thread 0x0000000058d8d800 Exception <a 'sun/nio/fs/WindowsException'> (0x00000000e14a8620) thrown at [C:\src\android\AOSP-openjdk\external\jetbrains\jdk\hotspot\src\share\vm\prims\jni.cpp, line 709]
Event: 1981.940 Thread 0x0000000058d8c800 Exception <a 'java/lang/ClassNotFoundException': asLocalRepo1550_3459x9c2j8fywzu0cmi3mh7hrBeanInfo> (0x00000000e2a526b0) thrown at [C:\src\android\AOSP-openjdk\external\jetbrains\jdk\hotspot\src\share\vm\classfile\systemDictionary.cpp, line 210]
Event: 1981.940 Thread 0x0000000058d8c800 Exception <a 'java/lang/ClassNotFoundException': asLocalRepo1550_3459x9c2j8fywzu0cmi3mh7hrCustomizer> (0x00000000e2a5dc98) thrown at [C:\src\android\AOSP-openjdk\external\jetbrains\jdk\hotspot\src\share\vm\classfile\systemDictionary.cpp, line 210]
Event: 1991.109 Thread 0x0000000058d8c800 Exception <a 'java/lang/NoSuchMethodError': java.lang.Object.lambda$asRunnable$0(Lcom/android/apkzlib/utils/IOExceptionRunnable;)V> (0x00000000e53e9668) thrown at [C:\src\android\AOSP-openjdk\external\jetbrains\jdk\hotspot\src\share\vm\interpreter\linkResoRa´>ÔŸ@
Event: 1991.457 Thread 0x0000000058d8b000 Exception <a 'java/lang/NoSuchMethodError': <clinit>> (0x00000000e6e7b540) thrown at [C:\src\android\AOSP-openjdk\external\jetbrains\jdk\hotspot\src\share\vm\prims\jni.cpp, line 1613]
Event: 1992.775 Thread 0x0000000058d8b000 Implicit null exception at 0x000000000270266c to 0x0000000002702bf1
Event: 1992.775 Thread 0x0000000058d8b000 Implicit null exception at 0x0000000002a98df0 to 0x0000000002a9925d

Events (10 events):
Event: 1999.723 loading class com/android/dx/dex/code/LocalList$MakeState
Event: 1999.723 loading class com/android/dx/dex/code/LocalList$MakeState done
Event: 1999.724 loading class com/android/dx/dex/code/CatchHandlerList
Event: 1999.724 loading class com/android/dx/dex/code/CatchHandlerList done
Event: 1999.724 loading class com/android/dx/dex/code/CatchTable
Event: 1999.724 loading class com/android/dx/dex/code/CatchTable done
Event: 1999.726 loading class com/android/dx/dex/code/LocalList$Disposition
Event: 1999.726 loading class com/android/dx/dex/code/LocalList$Disposition done
Event: 1999.726 loading class com/android/dx/dex/code/LocalList$Entry
Event: 1999.726 loading class com/android/dx/dex/code/LocalList$Entry done


Dynamic libraries:
0x000000013f450000 - 0x000000013f481000 	C:\Program Files\Android\Android Studio1\jre\bin\java.exe
0x0000000076fa0000 - 0x0000000077149000 	C:\Windows\SYSTEM32\ntdll.dll
0x0000000076d80000 - 0x0000000076e9f000 	C:\Windows\system32\kernel32.dll
0x000007fefd060000 - 0x000007fefd0cb000 	C:\Windows\system32\KERNELBASE.dll
0x000007fefd2c0000 - 0x000007fefd39b000 	C:\Windows\system32\ADVAPI32.dll
0x000007fefd8e0000 - 0x000007fefd97f000 	C:\Windows\system32\msvcrt.dll
0x000007fefda80000 - 0x000007fefda9f000 	C:\Windows\SYSTEM32\sechost.dll
0x000007fefeb40000 - 0x000007fefec6d000 	C:\Windows\system32\RPCRT4.dll
0x0000000076ea0000 - 0x0000000076f9a000 	C:\Windows\system32\USER32.dll
0x000007fefec70000 - 0x000007fefecd7000 	C:\Windows\system32\GDI32.dll
0x000007fefe830000 - 0x000007fefe83e000 	C:\Windows\system32\LPK.dll
0x000007fefd520000 - 0x000007fefd5e9000 	C:\Windows\system32\USP10.dll
0x000007fefb640000 - 0x000007fefb834000 	C:\Windows\WinSxS\amd64_microsoft.windows.common-controls_6595b64144ccf1df_6.0.7601.17514_none_fa396087175ac9ac\COMCTL32.dll
0x000007fefd9a0000 - 0x000007fefda11000 	C:\Windows\system32\SHLWAPI.dll
0x000007fefece0000 - 0x000007fefed0e000 	C:\Windows\system32\IMM32.DLL
0x000007fefedb0000 - 0x000007fefeeb9000 	C:\Windows\system32\MSCTF.dll
0x00000000702f0000 - 0x00000000703c2000 	C:\Program Files\Android\Android Studio1\jre\jre\bin\msvcr100.dll
0x0000000071470000 - 0x0000000071cac000 	C:\Program Files\Android\Android Studio1\jre\jre\bin\server\jvm.dll
0x000007fef3140000 - 0x000007fef3149000 	C:\Windows\system32\WSOCK32.dll
0x000007feff260000 - 0x000007feff2ad000 	C:\Windows\system32\WS2_32.dll
0x000007fefeff0000 - 0x000007fefeff8000 	C:\Windows\system32\NSI.dll
0x000007fefa2b0000 - 0x000007fefa2eb000 	C:\Windows\system32\WINMM.dll
0x000007fefc030000 - 0x000007fefc03c000 	C:\Windows\system32\VERSION.dll
0x0000000077170000 - 0x0000000077177000 	C:\Windows\system32\PSAPI.DLL
0x000007fef0b90000 - 0x000007fef0b9f000 	C:\Program Files\Android\Android Studio1\jre\jre\bin\verify.dll
0x000007fef0b60000 - 0x000007fef0b89000 	C:\Program Files\Android\Android Studio1\jre\jre\bin\java.dll
0x000007fef0b40000 - 0x000007fef0b56000 	C:\Program Files\Android\Android Studio1\jre\jre\bin\zip.dll
0x000007fefdaa0000 - 0x000007fefe828000 	C:\Windows\system32\SHELL32.dll
0x000007fefd5f0000 - 0x000007fefd7f3000 	C:\Windows\system32\ole32.dll
0x000007fefcef0000 - 0x000007fefceff000 	C:\Windows\system32\profapi.dll
0x000007fef0b20000 - 0x000007fef0b3a000 	C:\Program Files\Android\Android Studio1\jre\jre\bin\net.dll
0x000007fefc720000 - 0x000007fefc775000 	C:\Windows\system32\mswsock.dll
0x000007fefc710000 - 0x000007fefc717000 	C:\Windows\System32\wship6.dll
0x000007fef0b00000 - 0x000007fef0b11000 	C:\Program Files\Android\Android Studio1\jre\jre\bin\nio.dll
0x000007fef0710000 - 0x000007fef072e000 	C:\Users\PB\.gradle\native\23\windows-amd64\native-platform.dll
0x000007fefc780000 - 0x000007fefc797000 	C:\Windows\system32\CRYPTSP.dll
0x000007fefc480000 - 0x000007fefc4c7000 	C:\Windows\system32\rsaenh.dll
0x000007fefc240000 - 0x000007fefc25e000 	C:\Windows\system32\USERENV.dll
0x000007fefce20000 - 0x000007fefce2f000 	C:\Windows\system32\CRYPTBASE.dll
0x000007fefab40000 - 0x000007fefab67000 	C:\Windows\system32\IPHLPAPI.DLL
0x000007fefab30000 - 0x000007fefab3b000 	C:\Windows\system32\WINNSI.DLL
0x000007fefa9c0000 - 0x000007fefa9d1000 	C:\Windows\system32\dhcpcsvc6.DLL
0x000007fefa9a0000 - 0x000007fefa9b8000 	C:\Windows\system32\dhcpcsvc.DLL
0x000007fef02d0000 - 0x000007fef02dd000 	C:\Program Files\Android\Android Studio1\jre\jre\bin\management.dll
0x000007fefcdc0000 - 0x000007fefce17000 	C:\Windows\system32\apphelp.dll
0x000007fef6bb0000 - 0x000007fef6cd5000 	C:\Windows\system32\dbghelp.dll

VM Arguments:
jvm_args: -Xmx1536m -Dfile.encoding=windows-1252 -Duser.country=FR -Duser.language=fr -Duser.variant 
java_command: org.gradle.launcher.daemon.bootstrap.GradleDaemon 3.3
java_class_path (initial): C:\Users\PB\.gradle\wrapper\dists\gradle-3.3-all\55gk2rcmfc6p2dg9u9ohc3hw9\gradle-3.3\lib\gradle-launcher-3.3.jar
Launcher Type: SUN_STANDARD

Environment Variables:
PATH=C:\ProgramData\Oracle\Java\javapath;C:\Ruby22-x64\bin;C:\Program Files (x86)\NVIDIA Corporation\PhysX\Common;C:\Windows\system32;C:\Windows;C:\Windows\System32\Wbem;C:\Windows\System32\WindowsPowerShell\v1.0\;C:\Program Files (x86)\Brackets\command
USERNAME=PB
OS=Windows_NT
PROCESSOR_IDENTIFIER=Intel64 Family 6 Model 23 Stepping 10, GenuineIntel



---------------  S Y S T E M  ---------------

OS: Windows 7 , 64 bit Build 7601 (6.1.7601.17514)

CPU:total 2 (2 cores per cpu, 1 threads per core) family 6 model 23 stepping 10, cmov, cx8, fxsr, mmx, sse, sse2, sse3, ssse3, tsc

Memory: 4k page, physical 4193524k(1696272k free), swap 6626880k(2498692k free)

vm_info: OpenJDK 64-Bit Server VM (25.112-b06) for windows-amd64 JRE (1.8.0_112-release-b06), built on Dec  8 2016 00:54:26 by "builder" with MS VC++ 10.0 (VS2010)

time: Mon Jun 12 23:05:02 2017
elapsed time: 1999 seconds (0d 0h 33m 19s)

